[2025/05/27 13:35:03]: §9          __             _       
[2025/05/27 13:35:03]: §9  _ __   / /  ___   __ _(_)_ __  
[2025/05/27 13:35:03]: §9 | '_ \ / /  / _ \ / _` | | '_ \ 
[2025/05/27 13:35:03]: §9 | | | / /__| (_) | (_| | | | | |
[2025/05/27 13:35:03]: §9 |_| |_\____/\___/ \__, |_|_| |_|
[2025/05/27 13:35:03]: §9                  |___/            
[2025/05/27 13:35:03]: §9 By: www.nickuc.com - V 10.4.23 DEVELOPMENT
[2025/05/27 13:35:03]: §9 
[2025/05/27 13:35:03]: §3[nLogin] [DEBUG] The config.yml file was created successfully.
[2025/05/27 13:35:05]: §3[nLogin] [DEBUG] All settings were loaded in 1587 ms.
[2025/05/27 13:35:05]: §3[nLogin] [DEBUG] Loading the messages_en.yml message file...
[2025/05/27 13:35:05]: §3[nLogin] [DEBUG] All plugin messages were loaded in 56 ms (languageByClient=false).
[2025/05/27 13:35:05]: §3[nLogin] [DEBUG] The file config.yml was created successfully.
[2025/05/27 13:35:05]: §3[nLogin] [DEBUG] All proxy settings were loaded in 14 ms.
[2025/05/27 13:35:05]: §3[nLogin] [DEBUG] Loading database...
[2025/05/27 13:35:05]: [nLogin] Generating RSA keypair... (this may take a while)
[2025/05/27 13:35:07]: [nLogin] The RSA key pair was successfully generated. Took 1.94s
[2025/05/27 13:35:07]: §3[nLogin] [DEBUG] Starting logger filter...
[2025/05/27 13:35:12]: 
[2025/05/27 13:35:12]:  §bThank you so much for choosing nLogin! §4<3
[2025/05/27 13:35:12]: 
[2025/05/27 13:35:12]:  §4For your safety, please read the message below:
[2025/05/27 13:35:12]:   §cNever download nLogin from unknown sources.
[2025/05/27 13:35:12]:   §cA modified version may contain malicious software.
[2025/05/27 13:35:12]: 
[2025/05/27 13:35:12]:  §3Trusted sources:
[2025/05/27 13:35:12]:   §bwww.nickuc.com
[2025/05/27 13:35:12]:   §bwww.github.com/nickuc
[2025/05/27 13:35:12]:   §bOpeNLogin installer (from Spigot or GitHub)
[2025/05/27 13:35:12]: 
[2025/05/27 13:35:12]:  §3Official support channels:
[2025/05/27 13:35:12]:   §bDiscord group: §fwww.nickuc.com/discord
[2025/05/27 13:35:12]:   §bDocumentation: §fdocs.nickuc.com/nlogin/
[2025/05/27 13:35:12]:   §bEmail: §fsupport@nickuc.com
[2025/05/27 13:35:12]:   §bYouTube: §fyoutube.com/nickuc
[2025/05/27 13:35:12]: 
[2025/05/27 13:35:12]:  §eTo remove this warning, log in with "nlogin.admin" permission on the server
[2025/05/27 13:35:12]:  §eand click the "Setup plugin" button to configure your plugin.
[2025/05/27 13:35:12]: 
[2025/05/27 13:36:11]: [nLogin] Successful plugin core shutdown (took 0.00s)
