[13:37:11] [main/INFO] [com.velocitypowered.proxy.VelocityServer]: Booting up Velocity 3.4.0-SNAPSHOT (git-21ecd344-b509)...
[13:37:11] [main/INFO] [com.velocitypowered.proxy.VelocityServer]: Loading localizations...
[13:37:11] [main/INFO] [com.velocitypowered.proxy.network.ConnectionManager]: Connections will use epoll channels, libdeflate (Linux x86_64) compression, OpenSSL 1.1.x (Linux x86_64) ciphers
[13:37:11] [main/WARN] [com.velocitypowered.proxy.config.VelocityConfiguration]: The proxy is running in offline mode! This is a security risk and you will NOT receive any support!
[13:37:11] [main/WARN] [com.velocitypowered.proxy.config.VelocityConfiguration]: Player info forwarding is disabled! All players will appear to be connecting from the proxy and will have offline-mode UUIDs.
[13:37:11] [main/INFO] [com.velocitypowered.proxy.VelocityServer]: Loading plugins...
[13:37:12] [main/INFO] [eaglerxserver]: Loading EaglercraftXServer 1.0.6...
[13:37:12] [main/INFO] [eaglerxserver]: (Platform: Velocity)
[13:37:12] [main/INFO] [eaglerxserver]: Server Name: "EaglercraftXServer"
[13:37:12] [main/ERROR] [eaglerxserver]: Could not load server icon: server-icon.png
javax.imageio.IIOException: Can't read input file!
	at java.desktop/javax.imageio.ImageIO.read(ImageIO.java:1308) ~[?:?]
	at net.lax1dude.eaglercraft.backend.server.base.ServerIconLoader.loadServerIcon(ServerIconLoader.java:112) ~[?:?]
	at net.lax1dude.eaglercraft.backend.server.base.ServerIconLoader$1.loadServerIcon(ServerIconLoader.java:51) ~[?:?]
	at net.lax1dude.eaglercraft.backend.server.base.EaglerListener.<init>(EaglerListener.java:90) ~[?:?]
	at net.lax1dude.eaglercraft.backend.server.base.EaglerListener.<init>(EaglerListener.java:58) ~[?:?]
	at net.lax1dude.eaglercraft.backend.server.base.EaglerXServer.loadProxying(EaglerXServer.java:355) ~[?:?]
	at net.lax1dude.eaglercraft.backend.server.base.EaglerXServer.load(EaglerXServer.java:339) ~[?:?]
	at net.lax1dude.eaglercraft.backend.server.velocity.PlatformPluginVelocity.<init>(PlatformPluginVelocity.java:255) ~[?:?]
	at net.lax1dude.eaglercraft.backend.server.velocity.PlatformPluginVelocity$$FastClassByGuice$$db7c5.GUICE$TRAMPOLINE(<generated>) ~[?:?]
	at net.lax1dude.eaglercraft.backend.server.velocity.PlatformPluginVelocity$$FastClassByGuice$$db7c5.apply(<generated>) ~[?:?]
	at com.google.inject.internal.DefaultConstructionProxyFactory$FastClassProxy.newInstance(DefaultConstructionProxyFactory.java:82) ~[server.jar:3.4.0-SNAPSHOT (git-21ecd344-b509)]
	at com.google.inject.internal.ConstructorInjector.provision(ConstructorInjector.java:114) ~[server.jar:3.4.0-SNAPSHOT (git-21ecd344-b509)]
	at com.google.inject.internal.ConstructorInjector.construct(ConstructorInjector.java:91) ~[server.jar:3.4.0-SNAPSHOT (git-21ecd344-b509)]
	at com.google.inject.internal.ConstructorBindingImpl$Factory.get(ConstructorBindingImpl.java:300) ~[server.jar:3.4.0-SNAPSHOT (git-21ecd344-b509)]
	at com.google.inject.internal.ProviderToInternalFactoryAdapter.get(ProviderToInternalFactoryAdapter.java:40) ~[server.jar:3.4.0-SNAPSHOT (git-21ecd344-b509)]
	at com.google.inject.internal.SingletonScope$1.get(SingletonScope.java:169) ~[server.jar:3.4.0-SNAPSHOT (git-21ecd344-b509)]
	at com.google.inject.internal.InternalFactoryToProviderAdapter.get(InternalFactoryToProviderAdapter.java:45) ~[server.jar:3.4.0-SNAPSHOT (git-21ecd344-b509)]
	at com.google.inject.internal.InjectorImpl$1.get(InjectorImpl.java:1148) ~[server.jar:3.4.0-SNAPSHOT (git-21ecd344-b509)]
	at com.google.inject.internal.InjectorImpl.getInstance(InjectorImpl.java:1186) ~[server.jar:3.4.0-SNAPSHOT (git-21ecd344-b509)]
	at com.velocitypowered.proxy.plugin.loader.java.JavaPluginLoader.createPlugin(JavaPluginLoader.java:131) ~[server.jar:3.4.0-SNAPSHOT (git-21ecd344-b509)]
	at com.velocitypowered.proxy.plugin.VelocityPluginManager.loadPlugins(VelocityPluginManager.java:173) ~[server.jar:3.4.0-SNAPSHOT (git-21ecd344-b509)]
	at com.velocitypowered.proxy.VelocityServer.loadPlugins(VelocityServer.java:433) ~[server.jar:3.4.0-SNAPSHOT (git-21ecd344-b509)]
	at com.velocitypowered.proxy.VelocityServer.start(VelocityServer.java:304) ~[server.jar:3.4.0-SNAPSHOT (git-21ecd344-b509)]
	at com.velocitypowered.proxy.Velocity.main(Velocity.java:76) ~[server.jar:3.4.0-SNAPSHOT (git-21ecd344-b509)]
[13:37:12] [main/INFO] [com.velocitypowered.proxy.plugin.VelocityPluginManager]: Loaded plugin eaglerxserver 1.0.6 by lax1dude
[13:37:12] [main/INFO] [com.velocitypowered.proxy.plugin.VelocityPluginManager]: Loaded plugin nlogin 10.4.23 by NickUC
[13:37:12] [main/INFO] [com.velocitypowered.proxy.VelocityServer]: Loaded 3 plugins
[13:37:12] [EaglercraftXServer - Task Executor #0/WARN] [com.velocitypowered.proxy.network.ConnectionManager]: The server channel initializer has been replaced by java.base/jdk.internal.reflect.DirectMethodHandleAccessor.invoke(DirectMethodHandleAccessor.java:103)
[13:37:12] [EaglercraftXServer - Task Executor #0/INFO] [eaglerxserver]: Enabling EaglercraftXServer 1.0.6...
[13:37:12] [EaglercraftXServer - Task Executor #0/INFO] [eaglerxserver]: Connecting to skin cache database "jdbc:sqlite:eagler_skins_cache.db"...
[13:37:12] [EaglercraftXServer - Task Executor #0/INFO] [eaglerxserver]: Connected to skin cache database successfully!
[13:37:13] [Netty epoll Worker #0/INFO] [eaglerxserver]: You are running the latest version of EaglerXServer
[13:37:14] [EaglercraftXServer - Task Executor #0/INFO] [nlogin]: Successful plugin core start (took 0.87s)
[13:37:14] [EaglercraftXServer - Task Executor #0/INFO] [com.velocitypowered.proxy.console.VelocityConsole]:           __             _       
[13:37:14] [EaglercraftXServer - Task Executor #0/INFO] [com.velocitypowered.proxy.console.VelocityConsole]:   _ __   / /  ___   __ _(_)_ __  
[13:37:14] [EaglercraftXServer - Task Executor #0/INFO] [com.velocitypowered.proxy.console.VelocityConsole]:  | '_ \ / /  / _ \ / _` | | '_ \ 
[13:37:14] [EaglercraftXServer - Task Executor #0/INFO] [com.velocitypowered.proxy.console.VelocityConsole]:  | | | / /__| (_) | (_| | | | | |
[13:37:14] [EaglercraftXServer - Task Executor #0/INFO] [com.velocitypowered.proxy.console.VelocityConsole]:  |_| |_\____/\___/ \__, |_|_| |_|
[13:37:14] [EaglercraftXServer - Task Executor #0/INFO] [com.velocitypowered.proxy.console.VelocityConsole]:                   |___/            
[13:37:14] [EaglercraftXServer - Task Executor #0/INFO] [com.velocitypowered.proxy.console.VelocityConsole]:  By: www.nickuc.com - V 10.4.23 DEVELOPMENT
[13:37:14] [EaglercraftXServer - Task Executor #0/INFO] [com.velocitypowered.proxy.console.VelocityConsole]:  
[13:37:15] [main/INFO] [com.velocitypowered.proxy.Velocity]: Done (4.56s)!
[13:37:15] [Netty epoll Boss #0/INFO] [eaglerxserver]: Listener "listener0" injected into channel [id: 0x58895380, L:/[0:0:0:0:0:0:0:0]:8081] successfully (Velocity method)
[13:37:15] [Netty epoll Boss #0/INFO] [com.velocitypowered.proxy.network.ConnectionManager]: Listening on /[0:0:0:0:0:0:0:0]:8081
[13:37:20] [nLogin - Task Executor #0/INFO] [com.velocitypowered.proxy.console.VelocityConsole]: 
[13:37:20] [nLogin - Task Executor #0/INFO] [com.velocitypowered.proxy.console.VelocityConsole]:  Thank you so much for choosing nLogin! <3
[13:37:20] [nLogin - Task Executor #0/INFO] [com.velocitypowered.proxy.console.VelocityConsole]: 
[13:37:20] [nLogin - Task Executor #0/INFO] [com.velocitypowered.proxy.console.VelocityConsole]:  For your safety, please read the message below:
[13:37:20] [nLogin - Task Executor #0/INFO] [com.velocitypowered.proxy.console.VelocityConsole]:   Never download nLogin from unknown sources.
[13:37:20] [nLogin - Task Executor #0/INFO] [com.velocitypowered.proxy.console.VelocityConsole]:   A modified version may contain malicious software.
[13:37:20] [nLogin - Task Executor #0/INFO] [com.velocitypowered.proxy.console.VelocityConsole]: 
[13:37:20] [nLogin - Task Executor #0/INFO] [com.velocitypowered.proxy.console.VelocityConsole]:  Trusted sources:
[13:37:20] [nLogin - Task Executor #0/INFO] [com.velocitypowered.proxy.console.VelocityConsole]:   www.nickuc.com
[13:37:20] [nLogin - Task Executor #0/INFO] [com.velocitypowered.proxy.console.VelocityConsole]:   www.github.com/nickuc
[13:37:20] [nLogin - Task Executor #0/INFO] [com.velocitypowered.proxy.console.VelocityConsole]:   OpeNLogin installer (from Spigot or GitHub)
[13:37:20] [nLogin - Task Executor #0/INFO] [com.velocitypowered.proxy.console.VelocityConsole]: 
[13:37:20] [nLogin - Task Executor #0/INFO] [com.velocitypowered.proxy.console.VelocityConsole]:  Official support channels:
[13:37:20] [nLogin - Task Executor #0/INFO] [com.velocitypowered.proxy.console.VelocityConsole]:   Discord group: www.nickuc.com/discord
[13:37:20] [nLogin - Task Executor #0/INFO] [com.velocitypowered.proxy.console.VelocityConsole]:   Documentation: docs.nickuc.com/nlogin/
[13:37:20] [nLogin - Task Executor #0/INFO] [com.velocitypowered.proxy.console.VelocityConsole]:   Email: support@nickuc.com
[13:37:20] [nLogin - Task Executor #0/INFO] [com.velocitypowered.proxy.console.VelocityConsole]:   YouTube: youtube.com/nickuc
[13:37:20] [nLogin - Task Executor #0/INFO] [com.velocitypowered.proxy.console.VelocityConsole]: 
[13:37:20] [nLogin - Task Executor #0/INFO] [com.velocitypowered.proxy.console.VelocityConsole]:  To remove this warning, log in with "nlogin.admin" permission on the server
[13:37:20] [nLogin - Task Executor #0/INFO] [com.velocitypowered.proxy.console.VelocityConsole]:  and click the "Setup plugin" button to configure your plugin.
[13:37:20] [nLogin - Task Executor #0/INFO] [com.velocitypowered.proxy.console.VelocityConsole]: 
[13:37:24] [Thread-3/INFO] [com.velocitypowered.proxy.VelocityServer]: Shutting down the proxy...
[13:37:24] [Thread-3/INFO] [com.velocitypowered.proxy.network.ConnectionManager]: Closing endpoint /0.0.0.0:8081
[13:37:24] [EaglercraftXServer - Task Executor #0/INFO] [eaglerxserver]: Disabling EaglercraftXServer 1.0.6...
[13:37:24] [EaglercraftXServer - Task Executor #0/INFO] [eaglerxserver]: Disconnecting from skin cache database "jdbc:sqlite:eagler_skins_cache.db"...
[13:37:24] [EaglercraftXServer - Task Executor #0/INFO] [eaglerxserver]: Disconnected from skin cache database successfully!
[13:37:24] [EaglercraftXServer - Task Executor #0/INFO] [nlogin]: Successful plugin core shutdown (took 0.00s)
